<?xml version="1.0" encoding="UTF-8"?>
<!-- Generated by org.testng.reporters.JUnitReportReporter -->
<testsuite hostname="DESKTOP-CJCE1FP" failures="0" tests="1" name="uk.co.automationtesting.LoginWrongPass" time="5.106" errors="0" timestamp="2024-06-16T12:29:31 IST" skipped="0">
  <testcase classname="uk.co.automationtesting.LoginWrongPass" name="loginWrongPass" time="5.106"/>
  <system-out/>
</testsuite> <!-- uk.co.automationtesting.LoginWrongPass -->
