<?xml version="1.0" encoding="UTF-8"?>
<!-- Generated by org.testng.reporters.JUnitReportReporter -->
<testsuite hostname="DESKTOP-CJCE1FP" failures="0" tests="1" name="uk.co.automationtesting.RegisterUserTest" time="10.139" errors="0" timestamp="2024-06-16T12:44:50 IST" skipped="0">
  <testcase classname="uk.co.automationtesting.RegisterUserTest" name="registerUser" time="10.139"/>
  <system-out/>
</testsuite> <!-- uk.co.automationtesting.RegisterUserTest -->
