<?xml version="1.0" encoding="UTF-8"?>
<!-- Generated by org.testng.reporters.JUnitReportReporter -->
<testsuite hostname="DESKTOP-CJCE1FP" failures="0" tests="1" name="uk.co.automationtesting.LogoutUserTest" time="5.578" errors="0" timestamp="2024-06-16T13:02:37 IST" skipped="0">
  <testcase classname="uk.co.automationtesting.LogoutUserTest" name="logoutUserTest" time="5.578"/>
  <system-out/>
</testsuite> <!-- uk.co.automationtesting.LogoutUserTest -->
